<?xml version="1.0" encoding="UTF-8"?>
<testsuite name="com.github.KCulture.ZapAppraisal.ZapAppraisalTest" tests="3" skipped="0" failures="0" errors="0" timestamp="2017-08-25T22:25:59" hostname="Discount" time="0.181">
  <properties/>
  <testcase name="findEmployeeById" classname="com.github.KCulture.ZapAppraisal.ZapAppraisalTest" time="0.116"/>
  <testcase name="findResponderById" classname="com.github.KCulture.ZapAppraisal.ZapAppraisalTest" time="0.021"/>
  <testcase name="findResponderByPropertyExp" classname="com.github.KCulture.ZapAppraisal.ZapAppraisalTest" time="0.04"/>
  <system-out><![CDATA[18:25:43.578 [Test worker] DEBUG org.springframework.test.context.junit4.SpringJUnit4ClassRunner - SpringJUnit4ClassRunner constructor called with [class com.github.KCulture.ZapAppraisal.ZapAppraisalTest]
18:25:43.583 [Test worker] DEBUG org.springframework.test.context.BootstrapUtils - Instantiating CacheAwareContextLoaderDelegate from class [org.springframework.test.context.cache.DefaultCacheAwareContextLoaderDelegate]
18:25:44.002 [Test worker] DEBUG org.springframework.test.context.BootstrapUtils - Instantiating BootstrapContext using constructor [public org.springframework.test.context.support.DefaultBootstrapContext(java.lang.Class,org.springframework.test.context.CacheAwareContextLoaderDelegate)]
18:25:44.043 [Test worker] DEBUG org.springframework.test.context.BootstrapUtils - Instantiating TestContextBootstrapper for test class [com.github.KCulture.ZapAppraisal.ZapAppraisalTest] from class [org.springframework.boot.test.context.SpringBootTestContextBootstrapper]
18:25:44.098 [Test worker] DEBUG org.springframework.test.context.support.AbstractContextLoader - Did not detect default resource location for test class [com.github.KCulture.ZapAppraisal.ZapAppraisalTest]: class path resource [com/github/KCulture/ZapAppraisal/ZapAppraisalTest-context.xml] does not exist
18:25:44.098 [Test worker] DEBUG org.springframework.test.context.support.AbstractContextLoader - Did not detect default resource location for test class [com.github.KCulture.ZapAppraisal.ZapAppraisalTest]: class path resource [com/github/KCulture/ZapAppraisal/ZapAppraisalTestContext.groovy] does not exist
18:25:44.098 [Test worker] INFO org.springframework.test.context.support.AbstractContextLoader - Could not detect default resource locations for test class [com.github.KCulture.ZapAppraisal.ZapAppraisalTest]: no resource found for suffixes {-context.xml, Context.groovy}.
18:25:44.099 [Test worker] DEBUG org.springframework.test.context.support.AbstractContextLoader - Did not detect default resource location for test class [com.github.KCulture.ZapAppraisal.AbstractMongoDBTest]: class path resource [com/github/KCulture/ZapAppraisal/AbstractMongoDBTest-context.xml] does not exist
18:25:44.100 [Test worker] DEBUG org.springframework.test.context.support.AbstractContextLoader - Did not detect default resource location for test class [com.github.KCulture.ZapAppraisal.AbstractMongoDBTest]: class path resource [com/github/KCulture/ZapAppraisal/AbstractMongoDBTestContext.groovy] does not exist
18:25:44.100 [Test worker] INFO org.springframework.test.context.support.AbstractContextLoader - Could not detect default resource locations for test class [com.github.KCulture.ZapAppraisal.AbstractMongoDBTest]: no resource found for suffixes {-context.xml, Context.groovy}.
18:25:44.170 [Test worker] DEBUG org.springframework.test.context.support.ActiveProfilesUtils - Could not find an 'annotation declaring class' for annotation type [org.springframework.test.context.ActiveProfiles] and class [com.github.KCulture.ZapAppraisal.ZapAppraisalTest]
18:25:44.231 [Test worker] DEBUG org.springframework.boot.test.context.SpringBootTestContextBootstrapper - @TestExecutionListeners is not present for class [com.github.KCulture.ZapAppraisal.ZapAppraisalTest]: using defaults.
18:25:44.240 [Test worker] INFO org.springframework.boot.test.context.SpringBootTestContextBootstrapper - Loaded default TestExecutionListener class names from location [META-INF/spring.factories]: [org.springframework.test.context.web.ServletTestExecutionListener, org.springframework.test.context.support.DirtiesContextBeforeModesTestExecutionListener, org.springframework.test.context.support.DependencyInjectionTestExecutionListener, org.springframework.test.context.support.DirtiesContextTestExecutionListener, org.springframework.test.context.transaction.TransactionalTestExecutionListener, org.springframework.test.context.jdbc.SqlScriptsTestExecutionListener, org.springframework.boot.test.mock.mockito.MockitoTestExecutionListener, org.springframework.boot.test.mock.mockito.ResetMocksTestExecutionListener, org.springframework.boot.test.autoconfigure.restdocs.RestDocsTestExecutionListener, org.springframework.boot.test.autoconfigure.web.client.MockRestServiceServerResetTestExecutionListener, org.springframework.boot.test.autoconfigure.web.servlet.MockMvcPrintOnlyOnFailureTestExecutionListener, org.springframework.boot.test.autoconfigure.web.servlet.WebDriverTestExecutionListener]
18:25:44.279 [Test worker] INFO org.springframework.boot.test.context.SpringBootTestContextBootstrapper - Using TestExecutionListeners: [org.springframework.test.context.web.ServletTestExecutionListener@20b81830, org.springframework.test.context.support.DirtiesContextBeforeModesTestExecutionListener@c47bb11, org.springframework.boot.test.autoconfigure.SpringBootDependencyInjectionTestExecutionListener@32019518, org.springframework.test.context.support.DirtiesContextTestExecutionListener@76adeea9, org.springframework.test.context.transaction.TransactionalTestExecutionListener@163401d4, org.springframework.test.context.jdbc.SqlScriptsTestExecutionListener@271abf30, org.springframework.boot.test.autoconfigure.web.client.MockRestServiceServerResetTestExecutionListener@190d479e, org.springframework.boot.test.mock.mockito.MockitoTestExecutionListener@cc2ab0, org.springframework.boot.test.autoconfigure.web.servlet.WebDriverTestExecutionListener@36c0a1dc, org.springframework.boot.test.mock.mockito.ResetMocksTestExecutionListener@44d16b0b, org.springframework.boot.test.autoconfigure.restdocs.RestDocsTestExecutionListener@3713e5b8, org.springframework.boot.test.autoconfigure.web.servlet.MockMvcPrintOnlyOnFailureTestExecutionListener@566bc040]
18:25:44.284 [Test worker] DEBUG org.springframework.test.annotation.ProfileValueUtils - Retrieved @ProfileValueSourceConfiguration [null] for test class [com.github.KCulture.ZapAppraisal.ZapAppraisalTest]
18:25:44.284 [Test worker] DEBUG org.springframework.test.annotation.ProfileValueUtils - Retrieved ProfileValueSource type [class org.springframework.test.annotation.SystemProfileValueSource] for class [com.github.KCulture.ZapAppraisal.ZapAppraisalTest]
18:25:44.286 [Test worker] DEBUG org.springframework.test.annotation.ProfileValueUtils - Retrieved @ProfileValueSourceConfiguration [null] for test class [com.github.KCulture.ZapAppraisal.ZapAppraisalTest]
18:25:44.286 [Test worker] DEBUG org.springframework.test.annotation.ProfileValueUtils - Retrieved ProfileValueSource type [class org.springframework.test.annotation.SystemProfileValueSource] for class [com.github.KCulture.ZapAppraisal.ZapAppraisalTest]
18:25:44.293 [Test worker] DEBUG org.springframework.test.context.support.AbstractDirtiesContextTestExecutionListener - Before test class: context [DefaultTestContext@631ddd78 testClass = ZapAppraisalTest, testInstance = [null], testMethod = [null], testException = [null], mergedContextConfiguration = [WebMergedContextConfiguration@11b1843d testClass = ZapAppraisalTest, locations = '{}', classes = '{class com.github.KCulture.ZapAppraisal.ZapAppraisal, class com.github.KCulture.ZapAppraisal.ZapAppraisal}', contextInitializerClasses = '[]', activeProfiles = '{}', propertySourceLocations = '{}', propertySourceProperties = '{org.springframework.boot.test.context.SpringBootTestContextBootstrapper=true}', contextCustomizers = set[org.springframework.boot.test.context.SpringBootTestContextCustomizer@57a9325, org.springframework.boot.test.context.filter.ExcludeFilterContextCustomizer@2c965861, org.springframework.boot.test.mock.mockito.MockitoContextCustomizer@0, org.springframework.boot.test.autoconfigure.properties.PropertyMappingContextCustomizer@0, org.springframework.boot.test.autoconfigure.web.servlet.WebDriverContextCustomizerFactory$Customizer@370ad750], resourceBasePath = 'src/main/webapp', contextLoader = 'org.springframework.boot.test.context.SpringBootContextLoader', parent = [null]]], class annotated with @DirtiesContext [false] with mode [null].
18:25:44.294 [Test worker] DEBUG org.springframework.test.annotation.ProfileValueUtils - Retrieved @ProfileValueSourceConfiguration [null] for test class [com.github.KCulture.ZapAppraisal.ZapAppraisalTest]
18:25:44.295 [Test worker] DEBUG org.springframework.test.annotation.ProfileValueUtils - Retrieved ProfileValueSource type [class org.springframework.test.annotation.SystemProfileValueSource] for class [com.github.KCulture.ZapAppraisal.ZapAppraisalTest]
18:25:44.413 [Test worker] DEBUG org.springframework.core.env.StandardEnvironment - Adding [systemProperties] PropertySource with lowest search precedence
18:25:44.414 [Test worker] DEBUG org.springframework.core.env.StandardEnvironment - Adding [systemEnvironment] PropertySource with lowest search precedence
18:25:44.415 [Test worker] DEBUG org.springframework.core.env.StandardEnvironment - Initialized StandardEnvironment with PropertySources [systemProperties,systemEnvironment]
18:25:44.418 [Test worker] DEBUG org.springframework.core.env.MutablePropertySources - Adding [inline] PropertySource with highest search precedence
18:25:44.426 [Test worker] DEBUG org.springframework.test.context.support.TestPropertySourceUtils - Adding inlined properties to environment: {spring.jmx.enabled=false, org.springframework.boot.test.context.SpringBootTestContextBootstrapper=true, server.port=-1}
18:25:44.430 [Test worker] DEBUG org.springframework.core.env.StandardEnvironment - Adding [Inlined Test Properties] PropertySource with highest search precedence

  .   ____          _            __ _ _
 /\\ / ___'_ __ _ _(_)_ __  __ _ \ \ \ \
( ( )\___ | '_ | '_| | '_ \/ _` | \ \ \ \
 \\/  ___)| |_)| | | | | || (_| |  ) ) ) )
  '  |____| .__|_| |_|_| |_\__, | / / / /
 =========|_|==============|___/=/_/_/_/
 :: Spring Boot ::        (v1.5.3.RELEASE)

2017-08-25 18:25:44.920  INFO 4959 --- [    Test worker] c.g.K.ZapAppraisal.ZapAppraisalTest      : Starting ZapAppraisalTest on Discount with PID 4959 (started by lando in /home/lando/workspace/ZapAppraisal)
2017-08-25 18:25:44.921  INFO 4959 --- [    Test worker] c.g.K.ZapAppraisal.ZapAppraisalTest      : No active profile set, falling back to default profiles: default
2017-08-25 18:25:44.976  INFO 4959 --- [    Test worker] o.s.w.c.s.GenericWebApplicationContext   : Refreshing org.springframework.web.context.support.GenericWebApplicationContext@60f56e10: startup date [Fri Aug 25 18:25:44 EDT 2017]; root of context hierarchy
2017-08-25 18:25:47.678  INFO 4959 --- [    Test worker] o.s.b.f.s.DefaultListableBeanFactory     : Overriding bean definition for bean 'httpRequestHandlerAdapter' with a different definition: replacing [Root bean: class [null]; scope=; abstract=false; lazyInit=false; autowireMode=3; dependencyCheck=0; autowireCandidate=true; primary=false; factoryBeanName=org.springframework.boot.autoconfigure.web.WebMvcAutoConfiguration$EnableWebMvcConfiguration; factoryMethodName=httpRequestHandlerAdapter; initMethodName=null; destroyMethodName=(inferred); defined in class path resource [org/springframework/boot/autoconfigure/web/WebMvcAutoConfiguration$EnableWebMvcConfiguration.class]] with [Root bean: class [null]; scope=; abstract=false; lazyInit=false; autowireMode=3; dependencyCheck=0; autowireCandidate=true; primary=false; factoryBeanName=org.springframework.data.rest.webmvc.config.RepositoryRestMvcConfiguration; factoryMethodName=httpRequestHandlerAdapter; initMethodName=null; destroyMethodName=(inferred); defined in class path resource [org/springframework/data/rest/webmvc/config/RepositoryRestMvcConfiguration.class]]
2017-08-25 18:25:52.484  INFO 4959 --- [       Thread-8] o.s.b.a.mongo.embedded.EmbeddedMongo     : note: noprealloc may hurt performance in many applications
2017-08-25 18:25:52.563  INFO 4959 --- [       Thread-8] o.s.b.a.mongo.embedded.EmbeddedMongo     : 2017-08-25T18:25:52.528-0400 I CONTROL  [initandlisten] MongoDB starting : pid=4988 port=34352 dbpath=/tmp/embedmongo-db-d04b3d42-e4d5-4708-9135-bd7ccad7c63e 64-bit host=Discount
2017-08-25 18:25:52.563  INFO 4959 --- [       Thread-8] o.s.b.a.mongo.embedded.EmbeddedMongo     : 2017-08-25T18:25:52.563-0400 I CONTROL  [initandlisten] db version v3.2.2
2017-08-25 18:25:52.563  INFO 4959 --- [       Thread-8] o.s.b.a.mongo.embedded.EmbeddedMongo     : 2017-08-25T18:25:52.563-0400 I CONTROL  [initandlisten] git version: 6e71d0d568e134c029203593b00a0103e7cdf30b
2017-08-25 18:25:52.564  INFO 4959 --- [       Thread-8] o.s.b.a.mongo.embedded.EmbeddedMongo     : 2017-08-25T18:25:52.563-0400 I CONTROL  [initandlisten] allocator: tcmalloc
2017-08-25 18:25:52.565  INFO 4959 --- [       Thread-8] o.s.b.a.mongo.embedded.EmbeddedMongo     : 2017-08-25T18:25:52.563-0400 I CONTROL  [initandlisten] modules: none
2017-08-25 18:25:52.566  INFO 4959 --- [       Thread-8] o.s.b.a.mongo.embedded.EmbeddedMongo     : 2017-08-25T18:25:52.563-0400 I CONTROL  [initandlisten] build environment:
2017-08-25 18:25:52.566  INFO 4959 --- [       Thread-8] o.s.b.a.mongo.embedded.EmbeddedMongo     : 2017-08-25T18:25:52.563-0400 I CONTROL  [initandlisten]     distarch: x86_64
2017-08-25 18:25:52.567  INFO 4959 --- [       Thread-8] o.s.b.a.mongo.embedded.EmbeddedMongo     : 2017-08-25T18:25:52.563-0400 I CONTROL  [initandlisten]     target_arch: x86_64
2017-08-25 18:25:52.567  INFO 4959 --- [       Thread-8] o.s.b.a.mongo.embedded.EmbeddedMongo     : 2017-08-25T18:25:52.563-0400 I CONTROL  [initandlisten] options: { net: { bindIp: "127.0.0.1", http: { enabled: false }, port: 34352 }, security: { authorization: "disabled" }, storage: { dbPath: "/tmp/embedmongo-db-d04b3d42-e4d5-4708-9135-bd7ccad7c63e", journal: { enabled: false }, mmapv1: { preallocDataFiles: false, smallFiles: true }, syncPeriodSecs: 0.0 } }
2017-08-25 18:25:52.599  INFO 4959 --- [       Thread-8] o.s.b.a.mongo.embedded.EmbeddedMongo     : 2017-08-25T18:25:52.598-0400 I STORAGE  [initandlisten] wiredtiger_open config: create,cache_size=1G,session_max=20000,eviction=(threads_max=4),config_base=false,statistics=(fast),log=(enabled=true,archive=true,path=journal,compressor=snappy),file_manager=(close_idle_time=100000),checkpoint=(wait=0,log_size=2GB),statistics_log=(wait=0),,log=(enabled=false),
2017-08-25 18:25:53.601  INFO 4959 --- [       Thread-8] o.s.b.a.mongo.embedded.EmbeddedMongo     : 2017-08-25T18:25:53.601-0400 W STORAGE  [initandlisten] Detected configuration for non-active storage engine mmapv1 when current storage engine is wiredTiger
2017-08-25 18:25:53.603  INFO 4959 --- [       Thread-8] o.s.b.a.mongo.embedded.EmbeddedMongo     : 2017-08-25T18:25:53.601-0400 I CONTROL  [initandlisten] 
2017-08-25 18:25:53.603  INFO 4959 --- [       Thread-8] o.s.b.a.mongo.embedded.EmbeddedMongo     : 2017-08-25T18:25:53.601-0400 I CONTROL  [initandlisten] ** WARNING: /sys/kernel/mm/transparent_hugepage/enabled is 'always'.
2017-08-25 18:25:53.604  INFO 4959 --- [       Thread-8] o.s.b.a.mongo.embedded.EmbeddedMongo     : 2017-08-25T18:25:53.601-0400 I CONTROL  [initandlisten] **        We suggest setting it to 'never'
2017-08-25 18:25:53.606  INFO 4959 --- [       Thread-8] o.s.b.a.mongo.embedded.EmbeddedMongo     : 2017-08-25T18:25:53.602-0400 I CONTROL  [initandlisten] 
2017-08-25 18:25:53.607  INFO 4959 --- [       Thread-8] o.s.b.a.mongo.embedded.EmbeddedMongo     : 2017-08-25T18:25:53.602-0400 I CONTROL  [initandlisten] ** WARNING: /sys/kernel/mm/transparent_hugepage/defrag is 'always'.
2017-08-25 18:25:53.608  INFO 4959 --- [       Thread-8] o.s.b.a.mongo.embedded.EmbeddedMongo     : 2017-08-25T18:25:53.602-0400 I CONTROL  [initandlisten] **        We suggest setting it to 'never'
2017-08-25 18:25:53.609  INFO 4959 --- [       Thread-8] o.s.b.a.mongo.embedded.EmbeddedMongo     : 2017-08-25T18:25:53.602-0400 I CONTROL  [initandlisten] 
2017-08-25 18:25:53.609  INFO 4959 --- [       Thread-8] o.s.b.a.mongo.embedded.EmbeddedMongo     : 2017-08-25T18:25:53.603-0400 I FTDC     [initandlisten] Initializing full-time diagnostic data capture with directory '/tmp/embedmongo-db-d04b3d42-e4d5-4708-9135-bd7ccad7c63e/diagnostic.data'
2017-08-25 18:25:53.610  INFO 4959 --- [       Thread-8] o.s.b.a.mongo.embedded.EmbeddedMongo     : 2017-08-25T18:25:53.603-0400 I NETWORK  [HostnameCanonicalizationWorker] Starting hostname canonicalization worker
2017-08-25 18:25:54.008  INFO 4959 --- [       Thread-8] o.s.b.a.mongo.embedded.EmbeddedMongo     : 2017-08-25T18:25:54.007-0400 I NETWORK  [initandlisten] waiting for connections on port 34352
2017-08-25 18:25:54.009  INFO 4959 --- [    Test worker] d.f.embed.process.runtime.Executable     : start de.flapdoodle.embed.mongo.config.MongodConfigBuilder$ImmutableMongodConfig@73970f19
2017-08-25 18:25:55.188  INFO 4959 --- [    Test worker] org.mongodb.driver.cluster               : Cluster created with settings {hosts=[localhost:34352], mode=MULTIPLE, requiredClusterType=UNKNOWN, serverSelectionTimeout='30000 ms', maxWaitQueueSize=500}
2017-08-25 18:25:55.189  INFO 4959 --- [    Test worker] org.mongodb.driver.cluster               : Adding discovered server localhost:34352 to client view of cluster
2017-08-25 18:25:55.309  INFO 4959 --- [       Thread-8] o.s.b.a.mongo.embedded.EmbeddedMongo     : 2017-08-25T18:25:55.308-0400 I NETWORK  [initandlisten] connection accepted from 127.0.0.1:55306 #1 (1 connection now open)
2017-08-25 18:25:55.342  INFO 4959 --- [localhost:34352] org.mongodb.driver.connection            : Opened connection [connectionId{localValue:1, serverValue:1}] to localhost:34352
2017-08-25 18:25:55.346  INFO 4959 --- [localhost:34352] org.mongodb.driver.cluster               : Monitor thread successfully connected to server with description ServerDescription{address=localhost:34352, type=STANDALONE, state=CONNECTED, ok=true, version=ServerVersion{versionList=[3, 2, 2]}, minWireVersion=0, maxWireVersion=4, maxDocumentSize=16777216, roundTripTimeNanos=1039347}
2017-08-25 18:25:55.350  INFO 4959 --- [localhost:34352] org.mongodb.driver.cluster               : Discovered cluster type of STANDALONE
2017-08-25 18:25:57.174  INFO 4959 --- [    Test worker] s.w.s.m.m.a.RequestMappingHandlerAdapter : Looking for @ControllerAdvice: org.springframework.web.context.support.GenericWebApplicationContext@60f56e10: startup date [Fri Aug 25 18:25:44 EDT 2017]; root of context hierarchy
2017-08-25 18:25:57.294  INFO 4959 --- [    Test worker] s.w.s.m.m.a.RequestMappingHandlerMapping : Mapped "{[/self/responder/{id}]}" onto public java.lang.String com.github.KCulture.ZapAppraisal.PageController.responders(java.lang.String,org.springframework.ui.ModelMap)
2017-08-25 18:25:57.295  INFO 4959 --- [    Test worker] s.w.s.m.m.a.RequestMappingHandlerMapping : Mapped "{[/self/appraisal/{id}]}" onto public java.lang.String com.github.KCulture.ZapAppraisal.PageController.appraisals(java.lang.String,org.springframework.ui.ModelMap)
2017-08-25 18:25:57.297  INFO 4959 --- [    Test worker] s.w.s.m.m.a.RequestMappingHandlerMapping : Mapped "{[/employeeAppraisal/{id}],methods=[GET],produces=[application/json]}" onto public java.lang.String com.github.KCulture.ZapAppraisal.controller.HomeController.home(org.springframework.ui.ModelMap,java.lang.String)
2017-08-25 18:25:57.298  INFO 4959 --- [    Test worker] s.w.s.m.m.a.RequestMappingHandlerMapping : Mapped "{[/employees/{empId}/responders/{responderId}],methods=[GET],consumes=[application/json],produces=[application/json]}" onto public com.github.KCulture.ZapAppraisal.Responder com.github.KCulture.ZapAppraisal.controller.HomeController.getResponder(java.lang.String,java.lang.String)
2017-08-25 18:25:57.301  INFO 4959 --- [    Test worker] s.w.s.m.m.a.RequestMappingHandlerMapping : Mapped "{[/error],produces=[text/html]}" onto public org.springframework.web.servlet.ModelAndView org.springframework.boot.autoconfigure.web.BasicErrorController.errorHtml(javax.servlet.http.HttpServletRequest,javax.servlet.http.HttpServletResponse)
2017-08-25 18:25:57.302  INFO 4959 --- [    Test worker] s.w.s.m.m.a.RequestMappingHandlerMapping : Mapped "{[/error]}" onto public org.springframework.http.ResponseEntity<java.util.Map<java.lang.String, java.lang.Object>> org.springframework.boot.autoconfigure.web.BasicErrorController.error(javax.servlet.http.HttpServletRequest)
2017-08-25 18:25:57.371  INFO 4959 --- [    Test worker] o.s.w.s.handler.SimpleUrlHandlerMapping  : Mapped URL path [/webjars/**] onto handler of type [class org.springframework.web.servlet.resource.ResourceHttpRequestHandler]
2017-08-25 18:25:57.371  INFO 4959 --- [    Test worker] o.s.w.s.handler.SimpleUrlHandlerMapping  : Mapped URL path [/**] onto handler of type [class org.springframework.web.servlet.resource.ResourceHttpRequestHandler]
2017-08-25 18:25:57.408  INFO 4959 --- [    Test worker] .m.m.a.ExceptionHandlerExceptionResolver : Detected @ExceptionHandler methods in repositoryRestExceptionHandler
2017-08-25 18:25:57.544  INFO 4959 --- [    Test worker] o.s.w.s.handler.SimpleUrlHandlerMapping  : Mapped URL path [/**/favicon.ico] onto handler of type [class org.springframework.web.servlet.resource.ResourceHttpRequestHandler]
2017-08-25 18:25:57.685  INFO 4959 --- [    Test worker] oConfiguration$WelcomePageHandlerMapping : Adding welcome page: ServletContext resource [/index.html]
2017-08-25 18:25:58.007  INFO 4959 --- [    Test worker] o.s.d.r.w.RepositoryRestHandlerAdapter   : Looking for @ControllerAdvice: org.springframework.web.context.support.GenericWebApplicationContext@60f56e10: startup date [Fri Aug 25 18:25:44 EDT 2017]; root of context hierarchy
2017-08-25 18:25:58.035  INFO 4959 --- [    Test worker] o.s.d.r.w.RepositoryRestHandlerMapping   : Mapped "{[/appraisals/{repository}],methods=[OPTIONS],produces=[application/hal+json || application/json]}" onto public org.springframework.http.ResponseEntity<?> org.springframework.data.rest.webmvc.RepositoryEntityController.optionsForCollectionResource(org.springframework.data.rest.webmvc.RootResourceInformation)
2017-08-25 18:25:58.036  INFO 4959 --- [    Test worker] o.s.d.r.w.RepositoryRestHandlerMapping   : Mapped "{[/appraisals/{repository}],methods=[HEAD],produces=[application/hal+json || application/json]}" onto public org.springframework.http.ResponseEntity<?> org.springframework.data.rest.webmvc.RepositoryEntityController.headCollectionResource(org.springframework.data.rest.webmvc.RootResourceInformation,org.springframework.data.rest.webmvc.support.DefaultedPageable) throws org.springframework.web.HttpRequestMethodNotSupportedException
2017-08-25 18:25:58.037  INFO 4959 --- [    Test worker] o.s.d.r.w.RepositoryRestHandlerMapping   : Mapped "{[/appraisals/{repository}],methods=[GET],produces=[application/hal+json || application/json]}" onto public org.springframework.hateoas.Resources<?> org.springframework.data.rest.webmvc.RepositoryEntityController.getCollectionResource(org.springframework.data.rest.webmvc.RootResourceInformation,org.springframework.data.rest.webmvc.support.DefaultedPageable,org.springframework.data.domain.Sort,org.springframework.data.rest.webmvc.PersistentEntityResourceAssembler) throws org.springframework.data.rest.webmvc.ResourceNotFoundException,org.springframework.web.HttpRequestMethodNotSupportedException
2017-08-25 18:25:58.038  INFO 4959 --- [    Test worker] o.s.d.r.w.RepositoryRestHandlerMapping   : Mapped "{[/appraisals/{repository}],methods=[GET],produces=[application/x-spring-data-compact+json || text/uri-list]}" onto public org.springframework.hateoas.Resources<?> org.springframework.data.rest.webmvc.RepositoryEntityController.getCollectionResourceCompact(org.springframework.data.rest.webmvc.RootResourceInformation,org.springframework.data.rest.webmvc.support.DefaultedPageable,org.springframework.data.domain.Sort,org.springframework.data.rest.webmvc.PersistentEntityResourceAssembler) throws org.springframework.data.rest.webmvc.ResourceNotFoundException,org.springframework.web.HttpRequestMethodNotSupportedException
2017-08-25 18:25:58.039  INFO 4959 --- [    Test worker] o.s.d.r.w.RepositoryRestHandlerMapping   : Mapped "{[/appraisals/{repository}],methods=[POST],produces=[application/hal+json || application/json]}" onto public org.springframework.http.ResponseEntity<org.springframework.hateoas.ResourceSupport> org.springframework.data.rest.webmvc.RepositoryEntityController.postCollectionResource(org.springframework.data.rest.webmvc.RootResourceInformation,org.springframework.data.rest.webmvc.PersistentEntityResource,org.springframework.data.rest.webmvc.PersistentEntityResourceAssembler,java.lang.String) throws org.springframework.web.HttpRequestMethodNotSupportedException
2017-08-25 18:25:58.039  INFO 4959 --- [    Test worker] o.s.d.r.w.RepositoryRestHandlerMapping   : Mapped "{[/appraisals/{repository}/{id}],methods=[OPTIONS],produces=[application/hal+json || application/json]}" onto public org.springframework.http.ResponseEntity<?> org.springframework.data.rest.webmvc.RepositoryEntityController.optionsForItemResource(org.springframework.data.rest.webmvc.RootResourceInformation)
2017-08-25 18:25:58.040  INFO 4959 --- [    Test worker] o.s.d.r.w.RepositoryRestHandlerMapping   : Mapped "{[/appraisals/{repository}/{id}],methods=[HEAD],produces=[application/hal+json || application/json]}" onto public org.springframework.http.ResponseEntity<?> org.springframework.data.rest.webmvc.RepositoryEntityController.headForItemResource(org.springframework.data.rest.webmvc.RootResourceInformation,java.io.Serializable,org.springframework.data.rest.webmvc.PersistentEntityResourceAssembler) throws org.springframework.web.HttpRequestMethodNotSupportedException
2017-08-25 18:25:58.041  INFO 4959 --- [    Test worker] o.s.d.r.w.RepositoryRestHandlerMapping   : Mapped "{[/appraisals/{repository}/{id}],methods=[GET],produces=[application/hal+json || application/json]}" onto public org.springframework.http.ResponseEntity<org.springframework.hateoas.Resource<?>> org.springframework.data.rest.webmvc.RepositoryEntityController.getItemResource(org.springframework.data.rest.webmvc.RootResourceInformation,java.io.Serializable,org.springframework.data.rest.webmvc.PersistentEntityResourceAssembler,org.springframework.http.HttpHeaders) throws org.springframework.web.HttpRequestMethodNotSupportedException
2017-08-25 18:25:58.041  INFO 4959 --- [    Test worker] o.s.d.r.w.RepositoryRestHandlerMapping   : Mapped "{[/appraisals/{repository}/{id}],methods=[PUT],produces=[application/hal+json || application/json]}" onto public org.springframework.http.ResponseEntity<? extends org.springframework.hateoas.ResourceSupport> org.springframework.data.rest.webmvc.RepositoryEntityController.putItemResource(org.springframework.data.rest.webmvc.RootResourceInformation,org.springframework.data.rest.webmvc.PersistentEntityResource,java.io.Serializable,org.springframework.data.rest.webmvc.PersistentEntityResourceAssembler,org.springframework.data.rest.webmvc.support.ETag,java.lang.String) throws org.springframework.web.HttpRequestMethodNotSupportedException
2017-08-25 18:25:58.042  INFO 4959 --- [    Test worker] o.s.d.r.w.RepositoryRestHandlerMapping   : Mapped "{[/appraisals/{repository}/{id}],methods=[PATCH],produces=[application/hal+json || application/json]}" onto public org.springframework.http.ResponseEntity<org.springframework.hateoas.ResourceSupport> org.springframework.data.rest.webmvc.RepositoryEntityController.patchItemResource(org.springframework.data.rest.webmvc.RootResourceInformation,org.springframework.data.rest.webmvc.PersistentEntityResource,java.io.Serializable,org.springframework.data.rest.webmvc.PersistentEntityResourceAssembler,org.springframework.data.rest.webmvc.support.ETag,java.lang.String) throws org.springframework.web.HttpRequestMethodNotSupportedException,org.springframework.data.rest.webmvc.ResourceNotFoundException
2017-08-25 18:25:58.043  INFO 4959 --- [    Test worker] o.s.d.r.w.RepositoryRestHandlerMapping   : Mapped "{[/appraisals/{repository}/{id}],methods=[DELETE],produces=[application/hal+json || application/json]}" onto public org.springframework.http.ResponseEntity<?> org.springframework.data.rest.webmvc.RepositoryEntityController.deleteItemResource(org.springframework.data.rest.webmvc.RootResourceInformation,java.io.Serializable,org.springframework.data.rest.webmvc.support.ETag) throws org.springframework.data.rest.webmvc.ResourceNotFoundException,org.springframework.web.HttpRequestMethodNotSupportedException
2017-08-25 18:25:58.046  INFO 4959 --- [    Test worker] o.s.d.r.w.RepositoryRestHandlerMapping   : Mapped "{[/appraisals/{repository}/{id}/{property}],methods=[GET],produces=[application/hal+json || application/json]}" onto public org.springframework.http.ResponseEntity<org.springframework.hateoas.ResourceSupport> org.springframework.data.rest.webmvc.RepositoryPropertyReferenceController.followPropertyReference(org.springframework.data.rest.webmvc.RootResourceInformation,java.io.Serializable,java.lang.String,org.springframework.data.rest.webmvc.PersistentEntityResourceAssembler) throws java.lang.Exception
2017-08-25 18:25:58.046  INFO 4959 --- [    Test worker] o.s.d.r.w.RepositoryRestHandlerMapping   : Mapped "{[/appraisals/{repository}/{id}/{property}/{propertyId}],methods=[GET],produces=[application/hal+json || application/json]}" onto public org.springframework.http.ResponseEntity<org.springframework.hateoas.ResourceSupport> org.springframework.data.rest.webmvc.RepositoryPropertyReferenceController.followPropertyReference(org.springframework.data.rest.webmvc.RootResourceInformation,java.io.Serializable,java.lang.String,java.lang.String,org.springframework.data.rest.webmvc.PersistentEntityResourceAssembler) throws java.lang.Exception
2017-08-25 18:25:58.047  INFO 4959 --- [    Test worker] o.s.d.r.w.RepositoryRestHandlerMapping   : Mapped "{[/appraisals/{repository}/{id}/{property}],methods=[DELETE],produces=[application/hal+json || application/json]}" onto public org.springframework.http.ResponseEntity<? extends org.springframework.hateoas.ResourceSupport> org.springframework.data.rest.webmvc.RepositoryPropertyReferenceController.deletePropertyReference(org.springframework.data.rest.webmvc.RootResourceInformation,java.io.Serializable,java.lang.String) throws java.lang.Exception
2017-08-25 18:25:58.048  INFO 4959 --- [    Test worker] o.s.d.r.w.RepositoryRestHandlerMapping   : Mapped "{[/appraisals/{repository}/{id}/{property}],methods=[GET],produces=[application/x-spring-data-compact+json || text/uri-list]}" onto public org.springframework.http.ResponseEntity<org.springframework.hateoas.ResourceSupport> org.springframework.data.rest.webmvc.RepositoryPropertyReferenceController.followPropertyReferenceCompact(org.springframework.data.rest.webmvc.RootResourceInformation,java.io.Serializable,java.lang.String,org.springframework.data.rest.webmvc.PersistentEntityResourceAssembler) throws java.lang.Exception
2017-08-25 18:25:58.049  INFO 4959 --- [    Test worker] o.s.d.r.w.RepositoryRestHandlerMapping   : Mapped "{[/appraisals/{repository}/{id}/{property}],methods=[PATCH || PUT || POST],consumes=[application/json || application/x-spring-data-compact+json || text/uri-list],produces=[application/hal+json || application/json]}" onto public org.springframework.http.ResponseEntity<? extends org.springframework.hateoas.ResourceSupport> org.springframework.data.rest.webmvc.RepositoryPropertyReferenceController.createPropertyReference(org.springframework.data.rest.webmvc.RootResourceInformation,org.springframework.http.HttpMethod,org.springframework.hateoas.Resources<java.lang.Object>,java.io.Serializable,java.lang.String) throws java.lang.Exception
2017-08-25 18:25:58.050  INFO 4959 --- [    Test worker] o.s.d.r.w.RepositoryRestHandlerMapping   : Mapped "{[/appraisals/{repository}/{id}/{property}/{propertyId}],methods=[DELETE],produces=[application/hal+json || application/json]}" onto public org.springframework.http.ResponseEntity<org.springframework.hateoas.ResourceSupport> org.springframework.data.rest.webmvc.RepositoryPropertyReferenceController.deletePropertyReferenceId(org.springframework.data.rest.webmvc.RootResourceInformation,java.io.Serializable,java.lang.String,java.lang.String) throws java.lang.Exception
2017-08-25 18:25:58.054  INFO 4959 --- [    Test worker] o.s.d.r.w.RepositoryRestHandlerMapping   : Mapped "{[/appraisals/{repository}/search/{search}],methods=[GET],produces=[application/x-spring-data-compact+json]}" onto public org.springframework.hateoas.ResourceSupport org.springframework.data.rest.webmvc.RepositorySearchController.executeSearchCompact(org.springframework.data.rest.webmvc.RootResourceInformation,org.springframework.http.HttpHeaders,org.springframework.util.MultiValueMap<java.lang.String, java.lang.Object>,java.lang.String,java.lang.String,org.springframework.data.rest.webmvc.support.DefaultedPageable,org.springframework.data.domain.Sort,org.springframework.data.rest.webmvc.PersistentEntityResourceAssembler)
2017-08-25 18:25:58.055  INFO 4959 --- [    Test worker] o.s.d.r.w.RepositoryRestHandlerMapping   : Mapped "{[/appraisals/{repository}/search/{search}],methods=[OPTIONS],produces=[application/hal+json || application/json]}" onto public org.springframework.http.ResponseEntity<java.lang.Object> org.springframework.data.rest.webmvc.RepositorySearchController.optionsForSearch(org.springframework.data.rest.webmvc.RootResourceInformation,java.lang.String)
2017-08-25 18:25:58.056  INFO 4959 --- [    Test worker] o.s.d.r.w.RepositoryRestHandlerMapping   : Mapped "{[/appraisals/{repository}/search/{search}],methods=[HEAD],produces=[application/hal+json || application/json]}" onto public org.springframework.http.ResponseEntity<java.lang.Object> org.springframework.data.rest.webmvc.RepositorySearchController.headForSearch(org.springframework.data.rest.webmvc.RootResourceInformation,java.lang.String)
2017-08-25 18:25:58.057  INFO 4959 --- [    Test worker] o.s.d.r.w.RepositoryRestHandlerMapping   : Mapped "{[/appraisals/{repository}/search],methods=[OPTIONS],produces=[application/hal+json || application/json]}" onto public org.springframework.http.HttpEntity<?> org.springframework.data.rest.webmvc.RepositorySearchController.optionsForSearches(org.springframework.data.rest.webmvc.RootResourceInformation)
2017-08-25 18:25:58.057  INFO 4959 --- [    Test worker] o.s.d.r.w.RepositoryRestHandlerMapping   : Mapped "{[/appraisals/{repository}/search],methods=[HEAD],produces=[application/hal+json || application/json]}" onto public org.springframework.http.HttpEntity<?> org.springframework.data.rest.webmvc.RepositorySearchController.headForSearches(org.springframework.data.rest.webmvc.RootResourceInformation)
2017-08-25 18:25:58.058  INFO 4959 --- [    Test worker] o.s.d.r.w.RepositoryRestHandlerMapping   : Mapped "{[/appraisals/{repository}/search],methods=[GET],produces=[application/hal+json || application/json]}" onto public org.springframework.data.rest.webmvc.RepositorySearchesResource org.springframework.data.rest.webmvc.RepositorySearchController.listSearches(org.springframework.data.rest.webmvc.RootResourceInformation)
2017-08-25 18:25:58.059  INFO 4959 --- [    Test worker] o.s.d.r.w.RepositoryRestHandlerMapping   : Mapped "{[/appraisals/{repository}/search/{search}],methods=[GET],produces=[application/hal+json || application/json]}" onto public org.springframework.http.ResponseEntity<?> org.springframework.data.rest.webmvc.RepositorySearchController.executeSearch(org.springframework.data.rest.webmvc.RootResourceInformation,org.springframework.util.MultiValueMap<java.lang.String, java.lang.Object>,java.lang.String,org.springframework.data.rest.webmvc.support.DefaultedPageable,org.springframework.data.domain.Sort,org.springframework.data.rest.webmvc.PersistentEntityResourceAssembler,org.springframework.http.HttpHeaders)
2017-08-25 18:25:58.061  INFO 4959 --- [    Test worker] o.s.d.r.w.RepositoryRestHandlerMapping   : Mapped "{[/appraisals/ || /appraisals],methods=[GET],produces=[application/hal+json || application/json]}" onto public org.springframework.http.HttpEntity<org.springframework.data.rest.webmvc.RepositoryLinksResource> org.springframework.data.rest.webmvc.RepositoryController.listRepositories()
2017-08-25 18:25:58.061  INFO 4959 --- [    Test worker] o.s.d.r.w.RepositoryRestHandlerMapping   : Mapped "{[/appraisals/ || /appraisals],methods=[OPTIONS],produces=[application/hal+json || application/json]}" onto public org.springframework.http.HttpEntity<?> org.springframework.data.rest.webmvc.RepositoryController.optionsForRepositories()
2017-08-25 18:25:58.062  INFO 4959 --- [    Test worker] o.s.d.r.w.RepositoryRestHandlerMapping   : Mapped "{[/appraisals/ || /appraisals],methods=[HEAD],produces=[application/hal+json || application/json]}" onto public org.springframework.http.ResponseEntity<?> org.springframework.data.rest.webmvc.RepositoryController.headForRepositories()
2017-08-25 18:25:58.069  INFO 4959 --- [    Test worker] o.s.d.r.w.BasePathAwareHandlerMapping    : Mapped "{[/appraisals/profile/{repository}],methods=[OPTIONS],produces=[application/alps+json]}" onto org.springframework.http.HttpEntity<?> org.springframework.data.rest.webmvc.alps.AlpsController.alpsOptions()
2017-08-25 18:25:58.069  INFO 4959 --- [    Test worker] o.s.d.r.w.BasePathAwareHandlerMapping    : Mapped "{[/appraisals/profile/{repository}],methods=[GET],produces=[application/alps+json || */*]}" onto org.springframework.http.HttpEntity<org.springframework.data.rest.webmvc.RootResourceInformation> org.springframework.data.rest.webmvc.alps.AlpsController.descriptor(org.springframework.data.rest.webmvc.RootResourceInformation)
2017-08-25 18:25:58.070  INFO 4959 --- [    Test worker] o.s.d.r.w.BasePathAwareHandlerMapping    : Mapped "{[/appraisals/profile],methods=[OPTIONS]}" onto public org.springframework.http.HttpEntity<?> org.springframework.data.rest.webmvc.ProfileController.profileOptions()
2017-08-25 18:25:58.071  INFO 4959 --- [    Test worker] o.s.d.r.w.BasePathAwareHandlerMapping    : Mapped "{[/appraisals/profile],methods=[GET]}" onto org.springframework.http.HttpEntity<org.springframework.hateoas.ResourceSupport> org.springframework.data.rest.webmvc.ProfileController.listAllFormsOfMetadata()
2017-08-25 18:25:58.071  INFO 4959 --- [    Test worker] o.s.d.r.w.BasePathAwareHandlerMapping    : Mapped "{[/appraisals/profile/{repository}],methods=[GET],produces=[application/schema+json]}" onto public org.springframework.http.HttpEntity<org.springframework.data.rest.webmvc.json.JsonSchema> org.springframework.data.rest.webmvc.RepositorySchemaController.schema(org.springframework.data.rest.webmvc.RootResourceInformation)
2017-08-25 18:25:58.329  INFO 4959 --- [    Test worker] o.s.w.s.v.f.FreeMarkerConfigurer         : ClassTemplateLoader for Spring macros added to FreeMarker configuration
2017-08-25 18:25:58.714  INFO 4959 --- [       Thread-8] o.s.b.a.mongo.embedded.EmbeddedMongo     : 2017-08-25T18:25:58.714-0400 I NETWORK  [initandlisten] connection accepted from 127.0.0.1:55308 #2 (2 connections now open)
2017-08-25 18:25:58.720  INFO 4959 --- [    Test worker] org.mongodb.driver.connection            : Opened connection [connectionId{localValue:2, serverValue:2}] to localhost:34352
2017-08-25 18:25:59.211  INFO 4959 --- [       Thread-8] o.s.b.a.mongo.embedded.EmbeddedMongo     : 2017-08-25T18:25:59.211-0400 I WRITE    [conn2] update test.employee query: { _id: "e1" } update: { _class: "com.github.KCulture.ZapAppraisal.Employee", _id: "e1", firstName: "Blue", lastName: "One", hireDate: new Date(1503699958747), email: "a@b.c", contacts: [ { _id: "r1", firstName: "aname", lastName: "bname", email: "a.a@a", questions: [ "Q1" ], answers: [ "A1" ] }, { _id: "r2", firstName: "bname", lastName: "cname", email: "b.b@b", questions: [ "Q1" ], answers: [ "A1" ] } ], stage: 1, superiors: [ "blessed", "faithful" ], evaluationYear: "2017", questions: [ "Q1" ], answers: [ "A1" ] } keysExamined:0 docsExamined:0 nMatched:1 nModified:1 upsert:1 keyUpdates:0 writeConflicts:0 numYields:0 locks:{ Global: { acquireCount: { r: 3, w: 3 } }, Database: { acquireCount: { w: 2, W: 1 } }, Collection: { acquireCount: { w: 2 } } } 424ms
2017-08-25 18:25:59.212  INFO 4959 --- [       Thread-8] o.s.b.a.mongo.embedded.EmbeddedMongo     : 2017-08-25T18:25:59.212-0400 I COMMAND  [conn2] command test.$cmd command: update { update: "employee", ordered: false, updates: [ { q: { _id: "e1" }, u: { _class: "com.github.KCulture.ZapAppraisal.Employee", _id: "e1", firstName: "Blue", lastName: "One", hireDate: new Date(1503699958747), email: "a@b.c", contacts: [ { _id: "r1", firstName: "aname", lastName: "bname", email: "a.a@a", questions: [ "Q1" ], answers: [ "A1" ] }, { _id: "r2", firstName: "bname", lastName: "cname", email: "b.b@b", questions: [ "Q1" ], answers: [ "A1" ] } ], stage: 1, superiors: [ "blessed", "faithful" ], evaluationYear: "2017", questions: [ "Q1" ], answers: [ "A1" ] }, upsert: true } ] } keyUpdates:0 writeConflicts:0 numYields:0 reslen:101 locks:{ Global: { acquireCount: { r: 3, w: 3 } }, Database: { acquireCount: { w: 2, W: 1 } }, Collection: { acquireCount: { w: 2 } } } protocol:op_query 426ms
2017-08-25 18:25:59.660  INFO 4959 --- [       Thread-8] o.s.b.a.mongo.embedded.EmbeddedMongo     : 2017-08-25T18:25:59.660-0400 I WRITE    [conn2] update test.responder query: { _id: "r1" } update: { _class: "com.github.KCulture.ZapAppraisal.Responder", _id: "r1", firstName: "aname", lastName: "bname", email: "a.a@a", questions: [ "Q1" ], answers: [ "A1" ] } keysExamined:0 docsExamined:0 nMatched:1 nModified:1 upsert:1 keyUpdates:0 writeConflicts:0 numYields:0 locks:{ Global: { acquireCount: { r: 3, w: 3 } }, Database: { acquireCount: { w: 2, W: 1 } }, Collection: { acquireCount: { w: 2 } } } 434ms
2017-08-25 18:25:59.661  INFO 4959 --- [       Thread-8] o.s.b.a.mongo.embedded.EmbeddedMongo     : 2017-08-25T18:25:59.660-0400 I COMMAND  [conn2] command test.$cmd command: update { update: "responder", ordered: false, updates: [ { q: { _id: "r1" }, u: { _class: "com.github.KCulture.ZapAppraisal.Responder", _id: "r1", firstName: "aname", lastName: "bname", email: "a.a@a", questions: [ "Q1" ], answers: [ "A1" ] }, upsert: true } ] } keyUpdates:0 writeConflicts:0 numYields:0 reslen:101 locks:{ Global: { acquireCount: { r: 3, w: 3 } }, Database: { acquireCount: { w: 2, W: 1 } }, Collection: { acquireCount: { w: 2 } } } protocol:op_query 434ms
2017-08-25 18:25:59.671  INFO 4959 --- [    Test worker] c.g.K.ZapAppraisal.ZapAppraisalTest      : Started ZapAppraisalTest in 15.225 seconds (JVM running for 17.469)
]]></system-out>
  <system-err><![CDATA[]]></system-err>
</testsuite>
